  Determining projects to restore...
  Restored C:\Users\moses\OneDrive\Desktop\CalculatorApp\CalculatorApp.csproj (in 167 ms).
C:\Users\moses\OneDrive\Desktop\CalculatorApp\Form1.cs(54,25): warning CS8622: Nullability of reference types in type of parameter 'sender' of 'void Form1.Form1_KeyDown(object sender, KeyEventArgs e)' doesn't match the target delegate 'KeyEventHandler' (possibly because of nullability attributes). [C:\Users\moses\OneDrive\Desktop\CalculatorApp\CalculatorApp.csproj]
C:\Users\moses\OneDrive\Desktop\CalculatorApp\Form1.cs(55,29): warning CS8622: Nullability of reference types in type of parameter 'sender' of 'void Form1.Form1_FormClosing(object sender, FormClosingEventArgs e)' doesn't match the target delegate 'FormClosingEventHandler' (possibly because of nullability attributes). [C:\Users\moses\OneDrive\Desktop\CalculatorApp\CalculatorApp.csproj]
C:\Users\moses\OneDrive\Desktop\CalculatorApp\Form1.cs(49,12): warning CS8618: Non-nullable field 'displayBox' must contain a non-null value when exiting constructor. Consider adding the 'required' modifier or declaring the field as nullable. [C:\Users\moses\OneDrive\Desktop\CalculatorApp\CalculatorApp.csproj]
C:\Users\moses\OneDrive\Desktop\CalculatorApp\Form1.cs(49,12): warning CS8618: Non-nullable field 'themeBtn' must contain a non-null value when exiting constructor. Consider adding the 'required' modifier or declaring the field as nullable. [C:\Users\moses\OneDrive\Desktop\CalculatorApp\CalculatorApp.csproj]
C:\Users\moses\OneDrive\Desktop\CalculatorApp\Form1.cs(49,12): warning CS8618: Non-nullable field 'sidePanel' must contain a non-null value when exiting constructor. Consider adding the 'required' modifier or declaring the field as nullable. [C:\Users\moses\OneDrive\Desktop\CalculatorApp\CalculatorApp.csproj]
C:\Users\moses\OneDrive\Desktop\CalculatorApp\Form1.cs(49,12): warning CS8618: Non-nullable field 'showHistoryBtn' must contain a non-null value when exiting constructor. Consider adding the 'required' modifier or declaring the field as nullable. [C:\Users\moses\OneDrive\Desktop\CalculatorApp\CalculatorApp.csproj]
C:\Users\moses\OneDrive\Desktop\CalculatorApp\Form1.cs(49,12): warning CS8618: Non-nullable field 'showConverterBtn' must contain a non-null value when exiting constructor. Consider adding the 'required' modifier or declaring the field as nullable. [C:\Users\moses\OneDrive\Desktop\CalculatorApp\CalculatorApp.csproj]
C:\Users\moses\OneDrive\Desktop\CalculatorApp\Form1.cs(49,12): warning CS8618: Non-nullable field 'historyList' must contain a non-null value when exiting constructor. Consider adding the 'required' modifier or declaring the field as nullable. [C:\Users\moses\OneDrive\Desktop\CalculatorApp\CalculatorApp.csproj]
C:\Users\moses\OneDrive\Desktop\CalculatorApp\Form1.cs(49,12): warning CS8618: Non-nullable field 'clearHistoryBtn' must contain a non-null value when exiting constructor. Consider adding the 'required' modifier or declaring the field as nullable. [C:\Users\moses\OneDrive\Desktop\CalculatorApp\CalculatorApp.csproj]
C:\Users\moses\OneDrive\Desktop\CalculatorApp\Form1.cs(49,12): warning CS8618: Non-nullable field 'exportHistoryBtn' must contain a non-null value when exiting constructor. Consider adding the 'required' modifier or declaring the field as nullable. [C:\Users\moses\OneDrive\Desktop\CalculatorApp\CalculatorApp.csproj]
C:\Users\moses\OneDrive\Desktop\CalculatorApp\Form1.cs(49,12): warning CS8618: Non-nullable field 'converterPanel' must contain a non-null value when exiting constructor. Consider adding the 'required' modifier or declaring the field as nullable. [C:\Users\moses\OneDrive\Desktop\CalculatorApp\CalculatorApp.csproj]
C:\Users\moses\OneDrive\Desktop\CalculatorApp\Form1.cs(49,12): warning CS8618: Non-nullable field 'conversionType' must contain a non-null value when exiting constructor. Consider adding the 'required' modifier or declaring the field as nullable. [C:\Users\moses\OneDrive\Desktop\CalculatorApp\CalculatorApp.csproj]
C:\Users\moses\OneDrive\Desktop\CalculatorApp\Form1.cs(49,12): warning CS8618: Non-nullable field 'inputUnitBox' must contain a non-null value when exiting constructor. Consider adding the 'required' modifier or declaring the field as nullable. [C:\Users\moses\OneDrive\Desktop\CalculatorApp\CalculatorApp.csproj]
C:\Users\moses\OneDrive\Desktop\CalculatorApp\Form1.cs(49,12): warning CS8618: Non-nullable field 'outputUnitBox' must contain a non-null value when exiting constructor. Consider adding the 'required' modifier or declaring the field as nullable. [C:\Users\moses\OneDrive\Desktop\CalculatorApp\CalculatorApp.csproj]
C:\Users\moses\OneDrive\Desktop\CalculatorApp\Form1.cs(49,12): warning CS8618: Non-nullable field 'eqLabel' must contain a non-null value when exiting constructor. Consider adding the 'required' modifier or declaring the field as nullable. [C:\Users\moses\OneDrive\Desktop\CalculatorApp\CalculatorApp.csproj]
C:\Users\moses\OneDrive\Desktop\CalculatorApp\Form1.cs(49,12): warning CS8618: Non-nullable field 'fromUnit' must contain a non-null value when exiting constructor. Consider adding the 'required' modifier or declaring the field as nullable. [C:\Users\moses\OneDrive\Desktop\CalculatorApp\CalculatorApp.csproj]
C:\Users\moses\OneDrive\Desktop\CalculatorApp\Form1.cs(49,12): warning CS8618: Non-nullable field 'toUnit' must contain a non-null value when exiting constructor. Consider adding the 'required' modifier or declaring the field as nullable. [C:\Users\moses\OneDrive\Desktop\CalculatorApp\CalculatorApp.csproj]
C:\Users\moses\OneDrive\Desktop\CalculatorApp\Form1.cs(49,12): warning CS8618: Non-nullable field 'convertBtn' must contain a non-null value when exiting constructor. Consider adding the 'required' modifier or declaring the field as nullable. [C:\Users\moses\OneDrive\Desktop\CalculatorApp\CalculatorApp.csproj]
C:\Users\moses\OneDrive\Desktop\CalculatorApp\Form1.cs(49,12): warning CS8618: Non-nullable field 'showGraphBtn' must contain a non-null value when exiting constructor. Consider adding the 'required' modifier or declaring the field as nullable. [C:\Users\moses\OneDrive\Desktop\CalculatorApp\CalculatorApp.csproj]
C:\Users\moses\OneDrive\Desktop\CalculatorApp\Form1.cs(49,12): warning CS8618: Non-nullable field 'graphPanel' must contain a non-null value when exiting constructor. Consider adding the 'required' modifier or declaring the field as nullable. [C:\Users\moses\OneDrive\Desktop\CalculatorApp\CalculatorApp.csproj]
C:\Users\moses\OneDrive\Desktop\CalculatorApp\Form1.cs(49,12): warning CS8618: Non-nullable field 'functionSelector' must contain a non-null value when exiting constructor. Consider adding the 'required' modifier or declaring the field as nullable. [C:\Users\moses\OneDrive\Desktop\CalculatorApp\CalculatorApp.csproj]
C:\Users\moses\OneDrive\Desktop\CalculatorApp\Form1.cs(49,12): warning CS8618: Non-nullable field 'plotArea' must contain a non-null value when exiting constructor. Consider adding the 'required' modifier or declaring the field as nullable. [C:\Users\moses\OneDrive\Desktop\CalculatorApp\CalculatorApp.csproj]
C:\Users\moses\OneDrive\Desktop\CalculatorApp\Form1.cs(49,12): warning CS8618: Non-nullable field 'plotBtn' must contain a non-null value when exiting constructor. Consider adding the 'required' modifier or declaring the field as nullable. [C:\Users\moses\OneDrive\Desktop\CalculatorApp\CalculatorApp.csproj]
C:\Users\moses\OneDrive\Desktop\CalculatorApp\Form1.cs(220,27): error CS0103: The name 'Theme_Click' does not exist in the current context [C:\Users\moses\OneDrive\Desktop\CalculatorApp\CalculatorApp.csproj]
C:\Users\moses\OneDrive\Desktop\CalculatorApp\Form1.cs(153,35): warning CS8622: Nullability of reference types in type of parameter 'sender' of 'void Form1.ExportHistory_Click(object sender, EventArgs e)' doesn't match the target delegate 'EventHandler' (possibly because of nullability attributes). [C:\Users\moses\OneDrive\Desktop\CalculatorApp\CalculatorApp.csproj]
C:\Users\moses\OneDrive\Desktop\CalculatorApp\Form1.cs(189,48): warning CS8622: Nullability of reference types in type of parameter 'sender' of 'void Form1.ConversionType_Changed(object sender, EventArgs e)' doesn't match the target delegate 'EventHandler' (possibly because of nullability attributes). [C:\Users\moses\OneDrive\Desktop\CalculatorApp\CalculatorApp.csproj]
C:\Users\moses\OneDrive\Desktop\CalculatorApp\Form1.cs(200,29): warning CS8622: Nullability of reference types in type of parameter 'sender' of 'void Form1.ConvertBtn_Click(object sender, EventArgs e)' doesn't match the target delegate 'EventHandler' (possibly because of nullability attributes). [C:\Users\moses\OneDrive\Desktop\CalculatorApp\CalculatorApp.csproj]
C:\Users\moses\OneDrive\Desktop\CalculatorApp\Form1.cs(212,32): warning CS8625: Cannot convert null literal to non-nullable reference type. [C:\Users\moses\OneDrive\Desktop\CalculatorApp\CalculatorApp.csproj]
C:\Users\moses\OneDrive\Desktop\CalculatorApp\Form1.cs(212,38): warning CS8625: Cannot convert null literal to non-nullable reference type. [C:\Users\moses\OneDrive\Desktop\CalculatorApp\CalculatorApp.csproj]
C:\Users\moses\OneDrive\Desktop\CalculatorApp\Form1.cs(262,30): warning CS8622: Nullability of reference types in type of parameter 'sender' of 'void Form1.Number_Click(object sender, EventArgs e)' doesn't match the target delegate 'EventHandler' (possibly because of nullability attributes). [C:\Users\moses\OneDrive\Desktop\CalculatorApp\CalculatorApp.csproj]
C:\Users\moses\OneDrive\Desktop\CalculatorApp\Form1.cs(271,38): warning CS8622: Nullability of reference types in type of parameter 'sender' of 'void Form1.Clear_Click(object sender, EventArgs e)' doesn't match the target delegate 'EventHandler' (possibly because of nullability attributes). [C:\Users\moses\OneDrive\Desktop\CalculatorApp\CalculatorApp.csproj]
C:\Users\moses\OneDrive\Desktop\CalculatorApp\Form1.cs(276,38): warning CS8622: Nullability of reference types in type of parameter 'sender' of 'void Form1.Backspace_Click(object sender, EventArgs e)' doesn't match the target delegate 'EventHandler' (possibly because of nullability attributes). [C:\Users\moses\OneDrive\Desktop\CalculatorApp\CalculatorApp.csproj]
C:\Users\moses\OneDrive\Desktop\CalculatorApp\Form1.cs(281,38): warning CS8622: Nullability of reference types in type of parameter 'sender' of 'void Form1.Equals_Click(object sender, EventArgs e)' doesn't match the target delegate 'EventHandler' (possibly because of nullability attributes). [C:\Users\moses\OneDrive\Desktop\CalculatorApp\CalculatorApp.csproj]
C:\Users\moses\OneDrive\Desktop\CalculatorApp\Form1.cs(295,38): warning CS8622: Nullability of reference types in type of parameter 'sender' of 'void Form1.AdvancedOp_Click(object sender, EventArgs e)' doesn't match the target delegate 'EventHandler' (possibly because of nullability attributes). [C:\Users\moses\OneDrive\Desktop\CalculatorApp\CalculatorApp.csproj]
C:\Users\moses\OneDrive\Desktop\CalculatorApp\Form1.cs(302,38): warning CS8622: Nullability of reference types in type of parameter 'sender' of 'void Form1.Memory_Click(object sender, EventArgs e)' doesn't match the target delegate 'EventHandler' (possibly because of nullability attributes). [C:\Users\moses\OneDrive\Desktop\CalculatorApp\CalculatorApp.csproj]
C:\Users\moses\OneDrive\Desktop\CalculatorApp\Form1.cs(307,38): warning CS8622: Nullability of reference types in type of parameter 'sender' of 'void Form1.Operator_Click(object sender, EventArgs e)' doesn't match the target delegate 'EventHandler' (possibly because of nullability attributes). [C:\Users\moses\OneDrive\Desktop\CalculatorApp\CalculatorApp.csproj]
C:\Users\moses\OneDrive\Desktop\CalculatorApp\Form1.cs(311,38): warning CS8622: Nullability of reference types in type of parameter 'sender' of 'void Form1.Operator_Click(object sender, EventArgs e)' doesn't match the target delegate 'EventHandler' (possibly because of nullability attributes). [C:\Users\moses\OneDrive\Desktop\CalculatorApp\CalculatorApp.csproj]
C:\Users\moses\OneDrive\Desktop\CalculatorApp\Form1.cs(463,17): warning CS8602: Dereference of a possibly null reference. [C:\Users\moses\OneDrive\Desktop\CalculatorApp\CalculatorApp.csproj]
C:\Users\moses\OneDrive\Desktop\CalculatorApp\Form1.cs(490,52): warning CS8602: Dereference of a possibly null reference. [C:\Users\moses\OneDrive\Desktop\CalculatorApp\CalculatorApp.csproj]
C:\Users\moses\OneDrive\Desktop\CalculatorApp\Form1.cs(490,86): warning CS8602: Dereference of a possibly null reference. [C:\Users\moses\OneDrive\Desktop\CalculatorApp\CalculatorApp.csproj]
C:\Users\moses\OneDrive\Desktop\CalculatorApp\Form1.cs(490,118): warning CS8602: Dereference of a possibly null reference. [C:\Users\moses\OneDrive\Desktop\CalculatorApp\CalculatorApp.csproj]
C:\Users\moses\OneDrive\Desktop\CalculatorApp\Form1.cs(490,52): warning CS8604: Possible null reference argument for parameter 'from' in 'double Form1.PerformConversion(double val, string from, string to, string type)'. [C:\Users\moses\OneDrive\Desktop\CalculatorApp\CalculatorApp.csproj]
C:\Users\moses\OneDrive\Desktop\CalculatorApp\Form1.cs(490,86): warning CS8604: Possible null reference argument for parameter 'to' in 'double Form1.PerformConversion(double val, string from, string to, string type)'. [C:\Users\moses\OneDrive\Desktop\CalculatorApp\CalculatorApp.csproj]
C:\Users\moses\OneDrive\Desktop\CalculatorApp\Form1.cs(490,118): warning CS8604: Possible null reference argument for parameter 'type' in 'double Form1.PerformConversion(double val, string from, string to, string type)'. [C:\Users\moses\OneDrive\Desktop\CalculatorApp\CalculatorApp.csproj]
C:\Users\moses\OneDrive\Desktop\CalculatorApp\Form1.cs(562,52): warning CS0168: The variable 'btnActionBg' is declared but never used [C:\Users\moses\OneDrive\Desktop\CalculatorApp\CalculatorApp.csproj]
C:\Users\moses\OneDrive\Desktop\CalculatorApp\Form1.cs(10,20): warning CS0414: The field 'Form1.currentInput' is assigned but its value is never used [C:\Users\moses\OneDrive\Desktop\CalculatorApp\CalculatorApp.csproj]

Build FAILED.

C:\Users\moses\OneDrive\Desktop\CalculatorApp\Form1.cs(54,25): warning CS8622: Nullability of reference types in type of parameter 'sender' of 'void Form1.Form1_KeyDown(object sender, KeyEventArgs e)' doesn't match the target delegate 'KeyEventHandler' (possibly because of nullability attributes). [C:\Users\moses\OneDrive\Desktop\CalculatorApp\CalculatorApp.csproj]
C:\Users\moses\OneDrive\Desktop\CalculatorApp\Form1.cs(55,29): warning CS8622: Nullability of reference types in type of parameter 'sender' of 'void Form1.Form1_FormClosing(object sender, FormClosingEventArgs e)' doesn't match the target delegate 'FormClosingEventHandler' (possibly because of nullability attributes). [C:\Users\moses\OneDrive\Desktop\CalculatorApp\CalculatorApp.csproj]
C:\Users\moses\OneDrive\Desktop\CalculatorApp\Form1.cs(49,12): warning CS8618: Non-nullable field 'displayBox' must contain a non-null value when exiting constructor. Consider adding the 'required' modifier or declaring the field as nullable. [C:\Users\moses\OneDrive\Desktop\CalculatorApp\CalculatorApp.csproj]
C:\Users\moses\OneDrive\Desktop\CalculatorApp\Form1.cs(49,12): warning CS8618: Non-nullable field 'themeBtn' must contain a non-null value when exiting constructor. Consider adding the 'required' modifier or declaring the field as nullable. [C:\Users\moses\OneDrive\Desktop\CalculatorApp\CalculatorApp.csproj]
C:\Users\moses\OneDrive\Desktop\CalculatorApp\Form1.cs(49,12): warning CS8618: Non-nullable field 'sidePanel' must contain a non-null value when exiting constructor. Consider adding the 'required' modifier or declaring the field as nullable. [C:\Users\moses\OneDrive\Desktop\CalculatorApp\CalculatorApp.csproj]
C:\Users\moses\OneDrive\Desktop\CalculatorApp\Form1.cs(49,12): warning CS8618: Non-nullable field 'showHistoryBtn' must contain a non-null value when exiting constructor. Consider adding the 'required' modifier or declaring the field as nullable. [C:\Users\moses\OneDrive\Desktop\CalculatorApp\CalculatorApp.csproj]
C:\Users\moses\OneDrive\Desktop\CalculatorApp\Form1.cs(49,12): warning CS8618: Non-nullable field 'showConverterBtn' must contain a non-null value when exiting constructor. Consider adding the 'required' modifier or declaring the field as nullable. [C:\Users\moses\OneDrive\Desktop\CalculatorApp\CalculatorApp.csproj]
C:\Users\moses\OneDrive\Desktop\CalculatorApp\Form1.cs(49,12): warning CS8618: Non-nullable field 'historyList' must contain a non-null value when exiting constructor. Consider adding the 'required' modifier or declaring the field as nullable. [C:\Users\moses\OneDrive\Desktop\CalculatorApp\CalculatorApp.csproj]
C:\Users\moses\OneDrive\Desktop\CalculatorApp\Form1.cs(49,12): warning CS8618: Non-nullable field 'clearHistoryBtn' must contain a non-null value when exiting constructor. Consider adding the 'required' modifier or declaring the field as nullable. [C:\Users\moses\OneDrive\Desktop\CalculatorApp\CalculatorApp.csproj]
C:\Users\moses\OneDrive\Desktop\CalculatorApp\Form1.cs(49,12): warning CS8618: Non-nullable field 'exportHistoryBtn' must contain a non-null value when exiting constructor. Consider adding the 'required' modifier or declaring the field as nullable. [C:\Users\moses\OneDrive\Desktop\CalculatorApp\CalculatorApp.csproj]
C:\Users\moses\OneDrive\Desktop\CalculatorApp\Form1.cs(49,12): warning CS8618: Non-nullable field 'converterPanel' must contain a non-null value when exiting constructor. Consider adding the 'required' modifier or declaring the field as nullable. [C:\Users\moses\OneDrive\Desktop\CalculatorApp\CalculatorApp.csproj]
C:\Users\moses\OneDrive\Desktop\CalculatorApp\Form1.cs(49,12): warning CS8618: Non-nullable field 'conversionType' must contain a non-null value when exiting constructor. Consider adding the 'required' modifier or declaring the field as nullable. [C:\Users\moses\OneDrive\Desktop\CalculatorApp\CalculatorApp.csproj]
C:\Users\moses\OneDrive\Desktop\CalculatorApp\Form1.cs(49,12): warning CS8618: Non-nullable field 'inputUnitBox' must contain a non-null value when exiting constructor. Consider adding the 'required' modifier or declaring the field as nullable. [C:\Users\moses\OneDrive\Desktop\CalculatorApp\CalculatorApp.csproj]
C:\Users\moses\OneDrive\Desktop\CalculatorApp\Form1.cs(49,12): warning CS8618: Non-nullable field 'outputUnitBox' must contain a non-null value when exiting constructor. Consider adding the 'required' modifier or declaring the field as nullable. [C:\Users\moses\OneDrive\Desktop\CalculatorApp\CalculatorApp.csproj]
C:\Users\moses\OneDrive\Desktop\CalculatorApp\Form1.cs(49,12): warning CS8618: Non-nullable field 'eqLabel' must contain a non-null value when exiting constructor. Consider adding the 'required' modifier or declaring the field as nullable. [C:\Users\moses\OneDrive\Desktop\CalculatorApp\CalculatorApp.csproj]
C:\Users\moses\OneDrive\Desktop\CalculatorApp\Form1.cs(49,12): warning CS8618: Non-nullable field 'fromUnit' must contain a non-null value when exiting constructor. Consider adding the 'required' modifier or declaring the field as nullable. [C:\Users\moses\OneDrive\Desktop\CalculatorApp\CalculatorApp.csproj]
C:\Users\moses\OneDrive\Desktop\CalculatorApp\Form1.cs(49,12): warning CS8618: Non-nullable field 'toUnit' must contain a non-null value when exiting constructor. Consider adding the 'required' modifier or declaring the field as nullable. [C:\Users\moses\OneDrive\Desktop\CalculatorApp\CalculatorApp.csproj]
C:\Users\moses\OneDrive\Desktop\CalculatorApp\Form1.cs(49,12): warning CS8618: Non-nullable field 'convertBtn' must contain a non-null value when exiting constructor. Consider adding the 'required' modifier or declaring the field as nullable. [C:\Users\moses\OneDrive\Desktop\CalculatorApp\CalculatorApp.csproj]
C:\Users\moses\OneDrive\Desktop\CalculatorApp\Form1.cs(49,12): warning CS8618: Non-nullable field 'showGraphBtn' must contain a non-null value when exiting constructor. Consider adding the 'required' modifier or declaring the field as nullable. [C:\Users\moses\OneDrive\Desktop\CalculatorApp\CalculatorApp.csproj]
C:\Users\moses\OneDrive\Desktop\CalculatorApp\Form1.cs(49,12): warning CS8618: Non-nullable field 'graphPanel' must contain a non-null value when exiting constructor. Consider adding the 'required' modifier or declaring the field as nullable. [C:\Users\moses\OneDrive\Desktop\CalculatorApp\CalculatorApp.csproj]
C:\Users\moses\OneDrive\Desktop\CalculatorApp\Form1.cs(49,12): warning CS8618: Non-nullable field 'functionSelector' must contain a non-null value when exiting constructor. Consider adding the 'required' modifier or declaring the field as nullable. [C:\Users\moses\OneDrive\Desktop\CalculatorApp\CalculatorApp.csproj]
C:\Users\moses\OneDrive\Desktop\CalculatorApp\Form1.cs(49,12): warning CS8618: Non-nullable field 'plotArea' must contain a non-null value when exiting constructor. Consider adding the 'required' modifier or declaring the field as nullable. [C:\Users\moses\OneDrive\Desktop\CalculatorApp\CalculatorApp.csproj]
C:\Users\moses\OneDrive\Desktop\CalculatorApp\Form1.cs(49,12): warning CS8618: Non-nullable field 'plotBtn' must contain a non-null value when exiting constructor. Consider adding the 'required' modifier or declaring the field as nullable. [C:\Users\moses\OneDrive\Desktop\CalculatorApp\CalculatorApp.csproj]
C:\Users\moses\OneDrive\Desktop\CalculatorApp\Form1.cs(153,35): warning CS8622: Nullability of reference types in type of parameter 'sender' of 'void Form1.ExportHistory_Click(object sender, EventArgs e)' doesn't match the target delegate 'EventHandler' (possibly because of nullability attributes). [C:\Users\moses\OneDrive\Desktop\CalculatorApp\CalculatorApp.csproj]
C:\Users\moses\OneDrive\Desktop\CalculatorApp\Form1.cs(189,48): warning CS8622: Nullability of reference types in type of parameter 'sender' of 'void Form1.ConversionType_Changed(object sender, EventArgs e)' doesn't match the target delegate 'EventHandler' (possibly because of nullability attributes). [C:\Users\moses\OneDrive\Desktop\CalculatorApp\CalculatorApp.csproj]
C:\Users\moses\OneDrive\Desktop\CalculatorApp\Form1.cs(200,29): warning CS8622: Nullability of reference types in type of parameter 'sender' of 'void Form1.ConvertBtn_Click(object sender, EventArgs e)' doesn't match the target delegate 'EventHandler' (possibly because of nullability attributes). [C:\Users\moses\OneDrive\Desktop\CalculatorApp\CalculatorApp.csproj]
C:\Users\moses\OneDrive\Desktop\CalculatorApp\Form1.cs(212,32): warning CS8625: Cannot convert null literal to non-nullable reference type. [C:\Users\moses\OneDrive\Desktop\CalculatorApp\CalculatorApp.csproj]
C:\Users\moses\OneDrive\Desktop\CalculatorApp\Form1.cs(212,38): warning CS8625: Cannot convert null literal to non-nullable reference type. [C:\Users\moses\OneDrive\Desktop\CalculatorApp\CalculatorApp.csproj]
C:\Users\moses\OneDrive\Desktop\CalculatorApp\Form1.cs(262,30): warning CS8622: Nullability of reference types in type of parameter 'sender' of 'void Form1.Number_Click(object sender, EventArgs e)' doesn't match the target delegate 'EventHandler' (possibly because of nullability attributes). [C:\Users\moses\OneDrive\Desktop\CalculatorApp\CalculatorApp.csproj]
C:\Users\moses\OneDrive\Desktop\CalculatorApp\Form1.cs(271,38): warning CS8622: Nullability of reference types in type of parameter 'sender' of 'void Form1.Clear_Click(object sender, EventArgs e)' doesn't match the target delegate 'EventHandler' (possibly because of nullability attributes). [C:\Users\moses\OneDrive\Desktop\CalculatorApp\CalculatorApp.csproj]
C:\Users\moses\OneDrive\Desktop\CalculatorApp\Form1.cs(276,38): warning CS8622: Nullability of reference types in type of parameter 'sender' of 'void Form1.Backspace_Click(object sender, EventArgs e)' doesn't match the target delegate 'EventHandler' (possibly because of nullability attributes). [C:\Users\moses\OneDrive\Desktop\CalculatorApp\CalculatorApp.csproj]
C:\Users\moses\OneDrive\Desktop\CalculatorApp\Form1.cs(281,38): warning CS8622: Nullability of reference types in type of parameter 'sender' of 'void Form1.Equals_Click(object sender, EventArgs e)' doesn't match the target delegate 'EventHandler' (possibly because of nullability attributes). [C:\Users\moses\OneDrive\Desktop\CalculatorApp\CalculatorApp.csproj]
C:\Users\moses\OneDrive\Desktop\CalculatorApp\Form1.cs(295,38): warning CS8622: Nullability of reference types in type of parameter 'sender' of 'void Form1.AdvancedOp_Click(object sender, EventArgs e)' doesn't match the target delegate 'EventHandler' (possibly because of nullability attributes). [C:\Users\moses\OneDrive\Desktop\CalculatorApp\CalculatorApp.csproj]
C:\Users\moses\OneDrive\Desktop\CalculatorApp\Form1.cs(302,38): warning CS8622: Nullability of reference types in type of parameter 'sender' of 'void Form1.Memory_Click(object sender, EventArgs e)' doesn't match the target delegate 'EventHandler' (possibly because of nullability attributes). [C:\Users\moses\OneDrive\Desktop\CalculatorApp\CalculatorApp.csproj]
C:\Users\moses\OneDrive\Desktop\CalculatorApp\Form1.cs(307,38): warning CS8622: Nullability of reference types in type of parameter 'sender' of 'void Form1.Operator_Click(object sender, EventArgs e)' doesn't match the target delegate 'EventHandler' (possibly because of nullability attributes). [C:\Users\moses\OneDrive\Desktop\CalculatorApp\CalculatorApp.csproj]
C:\Users\moses\OneDrive\Desktop\CalculatorApp\Form1.cs(311,38): warning CS8622: Nullability of reference types in type of parameter 'sender' of 'void Form1.Operator_Click(object sender, EventArgs e)' doesn't match the target delegate 'EventHandler' (possibly because of nullability attributes). [C:\Users\moses\OneDrive\Desktop\CalculatorApp\CalculatorApp.csproj]
C:\Users\moses\OneDrive\Desktop\CalculatorApp\Form1.cs(463,17): warning CS8602: Dereference of a possibly null reference. [C:\Users\moses\OneDrive\Desktop\CalculatorApp\CalculatorApp.csproj]
C:\Users\moses\OneDrive\Desktop\CalculatorApp\Form1.cs(490,52): warning CS8602: Dereference of a possibly null reference. [C:\Users\moses\OneDrive\Desktop\CalculatorApp\CalculatorApp.csproj]
C:\Users\moses\OneDrive\Desktop\CalculatorApp\Form1.cs(490,86): warning CS8602: Dereference of a possibly null reference. [C:\Users\moses\OneDrive\Desktop\CalculatorApp\CalculatorApp.csproj]
C:\Users\moses\OneDrive\Desktop\CalculatorApp\Form1.cs(490,118): warning CS8602: Dereference of a possibly null reference. [C:\Users\moses\OneDrive\Desktop\CalculatorApp\CalculatorApp.csproj]
C:\Users\moses\OneDrive\Desktop\CalculatorApp\Form1.cs(490,52): warning CS8604: Possible null reference argument for parameter 'from' in 'double Form1.PerformConversion(double val, string from, string to, string type)'. [C:\Users\moses\OneDrive\Desktop\CalculatorApp\CalculatorApp.csproj]
C:\Users\moses\OneDrive\Desktop\CalculatorApp\Form1.cs(490,86): warning CS8604: Possible null reference argument for parameter 'to' in 'double Form1.PerformConversion(double val, string from, string to, string type)'. [C:\Users\moses\OneDrive\Desktop\CalculatorApp\CalculatorApp.csproj]
C:\Users\moses\OneDrive\Desktop\CalculatorApp\Form1.cs(490,118): warning CS8604: Possible null reference argument for parameter 'type' in 'double Form1.PerformConversion(double val, string from, string to, string type)'. [C:\Users\moses\OneDrive\Desktop\CalculatorApp\CalculatorApp.csproj]
C:\Users\moses\OneDrive\Desktop\CalculatorApp\Form1.cs(562,52): warning CS0168: The variable 'btnActionBg' is declared but never used [C:\Users\moses\OneDrive\Desktop\CalculatorApp\CalculatorApp.csproj]
C:\Users\moses\OneDrive\Desktop\CalculatorApp\Form1.cs(10,20): warning CS0414: The field 'Form1.currentInput' is assigned but its value is never used [C:\Users\moses\OneDrive\Desktop\CalculatorApp\CalculatorApp.csproj]
C:\Users\moses\OneDrive\Desktop\CalculatorApp\Form1.cs(220,27): error CS0103: The name 'Theme_Click' does not exist in the current context [C:\Users\moses\OneDrive\Desktop\CalculatorApp\CalculatorApp.csproj]
    45 Warning(s)
    1 Error(s)

Time Elapsed 00:00:02.58
